<?xml version="1.0" encoding="UTF-8"?>
<testng-results ignored="0" total="2" passed="2" failed="0" skipped="0">
  <reporter-output>
  </reporter-output>
  <suite started-at="2022-08-15T18:39:19 IST" name="Default suite" finished-at="2022-08-15T18:39:31 IST" duration-ms="11804">
    <groups>
    </groups>
    <test started-at="2022-08-15T18:39:19 IST" name="Default test" finished-at="2022-08-15T18:39:31 IST" duration-ms="11804">
      <class name="com.mycompany.app.my_selenium_app_2.NewTest1">
        <test-method signature="launchBrowser()[pri:0, instance:com.mycompany.app.my_selenium_app_2.NewTest1@44ebcd03]" started-at="2022-08-15T18:39:19 IST" name="launchBrowser" finished-at="2022-08-15T18:39:30 IST" duration-ms="10522" status="PASS">
          <reporter-output>
          </reporter-output>
        </test-method> <!-- launchBrowser -->
        <test-method signature="loginnaukri()[pri:0, instance:com.mycompany.app.my_selenium_app_2.NewTest1@44ebcd03]" started-at="2022-08-15T18:39:30 IST" name="loginnaukri" finished-at="2022-08-15T18:39:31 IST" duration-ms="1212" status="PASS">
          <reporter-output>
          </reporter-output>
        </test-method> <!-- loginnaukri -->
      </class> <!-- com.mycompany.app.my_selenium_app_2.NewTest1 -->
    </test> <!-- Default test -->
  </suite> <!-- Default suite -->
</testng-results>
